<?xml version="1.0" encoding="UTF-8"?>
<!-- Generated by org.testng.reporters.JUnitReportReporter -->
<testsuite skipped="0" hostname="Sijos-Air" name="testng" tests="2" failures="0" timestamp="2022-08-09T07:30:38 GST" time="0.016" errors="0">
  <testcase name="firsttest" time="0.014" classname="testng"/>
  <system-out/>
  <testcase name="secondtest" time="0.002" classname="testng"/>
  <system-out/>
</testsuite> <!-- testng -->
