<?xml version="1.0" encoding="UTF-8"?>
<!-- Generated by org.testng.reporters.JUnitReportReporter -->
<testsuite skipped="0" hostname="Sijos-Air" name="testng2" tests="1" failures="0" timestamp="2022-08-09T07:30:38 GST" time="0.005" errors="0">
  <testcase name="fourthtest" time="0.005" classname="testng2"/>
  <system-out/>
</testsuite> <!-- testng2 -->
