<?xml version="1.0" encoding="UTF-8"?>
<!-- Generated by org.testng.reporters.JUnitReportReporter -->
<testsuite skipped="0" hostname="Sijos-Air" name="testng.testng3" tests="2" failures="0" timestamp="2022-08-09T07:18:17 GST" time="0.021" errors="0">
  <testcase name="sixthtest" time="0.004" classname="testng.testng3"/>
  <system-out/>
  <testcase name="fifthtest" time="0.017" classname="testng.testng3"/>
  <system-out/>
</testsuite> <!-- testng.testng3 -->
